<?xml version="1.0" encoding="UTF-8"?>
<!-- Generated by org.testng.reporters.JUnitReportReporter -->
<testsuite hostname="DESKTOP-EV76MD6" failures="0" tests="1" name="driverfactory.TestScript" time="129.677" errors="0" timestamp="2024-08-30T11:49:14 IST" skipped="0">
  <testcase classname="driverfactory.TestScript" name="startTest" time="129.677">
    <system-out>
      <![CDATA[NO of  Rows are:::8
ADD SUPPLIER IS SUCCESS::: Supplier-00000004874       Supplier-00000004874
ADD SUPPLIER IS SUCCESS::: Supplier-00000004875       Supplier-00000004875
ADD SUPPLIER IS SUCCESS::: Supplier-00000004876       Supplier-00000004876
ADD SUPPLIER IS SUCCESS::: Supplier-00000004877       Supplier-00000004877
ADD SUPPLIER IS SUCCESS::: Supplier-00000004878       Supplier-00000004878
ADD SUPPLIER IS SUCCESS::: Supplier-00000004879       Supplier-00000004879
ADD SUPPLIER IS SUCCESS::: Supplier-00000004880       Supplier-00000004880
ADD SUPPLIER IS SUCCESS::: Supplier-00000004881       Supplier-00000004881]]>
    </system-out>
  </testcase> <!-- startTest -->
  <system-out>
    <![CDATA[NO of Rowsare::7
Error_Massage::dashboard     http://webapp.qedgetech.com/login.php
NO of  Rows are:::8
ADD SUPPLIER IS SUCCESS::: Supplier-00000004874       Supplier-00000004874
ADD SUPPLIER IS SUCCESS::: Supplier-00000004875       Supplier-00000004875
ADD SUPPLIER IS SUCCESS::: Supplier-00000004876       Supplier-00000004876
ADD SUPPLIER IS SUCCESS::: Supplier-00000004877       Supplier-00000004877
ADD SUPPLIER IS SUCCESS::: Supplier-00000004878       Supplier-00000004878
ADD SUPPLIER IS SUCCESS::: Supplier-00000004879       Supplier-00000004879
ADD SUPPLIER IS SUCCESS::: Supplier-00000004880       Supplier-00000004880
ADD SUPPLIER IS SUCCESS::: Supplier-00000004881       Supplier-00000004881]]>
  </system-out>
</testsuite> <!-- driverfactory.TestScript -->
